<?xml version="1.0" encoding="UTF-8"?>
<!-- Generated by org.testng.reporters.JUnitReportReporter -->
<testsuite hostname="DESKTOP-HDVSK5T" failures="0" tests="1" name="Runnerpom.FacRunner1" time="6.418" errors="0" timestamp="2023-10-10T12:20:03 IST" skipped="0">
  <testcase classname="Runnerpom.FacRunner1" name="login" time="6.418"/>
</testsuite> <!-- Runnerpom.FacRunner1 -->
