<?xml version="1.0" encoding="UTF-8"?>
<!-- Generated by org.testng.reporters.JUnitReportReporter -->
<testsuite hostname="DESKTOP-HDVSK5T" failures="0" tests="1" name="Qspid.Prakash" time="4.118" errors="0" timestamp="2023-09-30T16:06:19 IST" skipped="0">
  <testcase classname="Qspid.Prakash" name="test" time="4.118">
    <system-out>
      <![CDATA[mizicc]]>
    </system-out>
  </testcase> <!-- test -->
  <system-out>
    <![CDATA[mizicc
hiiii]]>
  </system-out>
</testsuite> <!-- Qspid.Prakash -->
