<?xml version="1.0" encoding="UTF-8"?>
<!-- Generated by org.testng.reporters.JUnitReportReporter -->
<testsuite hostname="DESKTOP-HDVSK5T" failures="0" tests="1" name="ReporterTool.Report" time="0.316" errors="0" timestamp="2023-10-14T12:26:50 IST" skipped="0">
  <testcase classname="ReporterTool.Report" name="test" time="0.316"/>
</testsuite> <!-- ReporterTool.Report -->
