<?xml version="1.0" encoding="UTF-8"?>
<!-- Generated by org.testng.reporters.JUnitReportReporter -->
<testsuite hostname="DESKTOP-HDVSK5T" failures="0" tests="2" name="Qspid.SkipTC" time="0.007" errors="0" timestamp="2023-10-03T12:23:41 IST" skipped="1">
  <testcase classname="Qspid.SkipTC" name="test" time="0.007">
    <system-out>
      <![CDATA[America]]>
    </system-out>
  </testcase> <!-- test -->
  <testcase classname="Qspid.SkipTC" name="test1">
    <skipped/>
  </testcase> <!-- test1 -->
  <system-out>
    <![CDATA[America]]>
  </system-out>
</testsuite> <!-- Qspid.SkipTC -->
