<?xml version="1.0" encoding="UTF-8"?>
<!-- Generated by org.testng.reporters.JUnitReportReporter -->
<testsuite hostname="DESKTOP-HDVSK5T" failures="0" tests="1" name="Runnerpom.Runneryoutube3" time="16.700" errors="0" timestamp="2023-10-10T11:58:57 IST" skipped="0">
  <testcase classname="Runnerpom.Runneryoutube3" name="playvideo" time="16.700"/>
</testsuite> <!-- Runnerpom.Runneryoutube3 -->
