<?xml version="1.0" encoding="UTF-8"?>
<!-- Generated by org.testng.reporters.JUnitReportReporter -->
<testsuite hostname="DESKTOP-HDVSK5T" failures="0" tests="1" name="Runnerpom.Runner1" time="17.411" errors="0" timestamp="2023-10-09T12:40:40 IST" skipped="0">
  <testcase classname="Runnerpom.Runner1" name="log" time="17.411"/>
</testsuite> <!-- Runnerpom.Runner1 -->
