<?xml version="1.0" encoding="UTF-8"?>
<!-- Generated by org.testng.reporters.JUnitReportReporter -->
<testsuite hostname="DESKTOP-HDVSK5T" failures="0" tests="2" name="Qspid.Depend" time="0.009" errors="0" timestamp="2023-10-03T12:13:46 IST" skipped="0">
  <testcase classname="Qspid.Depend" name="test2" time="0.008">
    <system-out>
      <![CDATA[wolrd]]>
    </system-out>
  </testcase> <!-- test2 -->
  <testcase classname="Qspid.Depend" name="test1" time="0.001">
    <system-out>
      <![CDATA[hello]]>
    </system-out>
  </testcase> <!-- test1 -->
  <system-out>
    <![CDATA[wolrd
hello]]>
  </system-out>
</testsuite> <!-- Qspid.Depend -->
