<?xml version="1.0" encoding="UTF-8"?>
<!-- Generated by org.testng.reporters.JUnitReportReporter -->
<testsuite hostname="DESKTOP-HDVSK5T" failures="0" tests="2" name="Qspid.Runnerclass1" time="23.283" errors="0" timestamp="2023-10-04T16:36:12 IST" skipped="0">
  <testcase classname="Qspid.Runnerclass1" name="login" time="12.220"/>
  <testcase classname="Qspid.Runnerclass1" name="search" time="11.063"/>
</testsuite> <!-- Qspid.Runnerclass1 -->
