<?xml version="1.0" encoding="UTF-8"?>
<!-- Generated by org.testng.reporters.JUnitReportReporter -->
<testsuite hostname="DESKTOP-HDVSK5T" failures="0" tests="1" name="log4.Report2" time="0.042" errors="0" timestamp="2023-10-17T09:48:39 IST" skipped="0">
  <testcase classname="log4.Report2" name="test1" time="0.042"/>
</testsuite> <!-- log4.Report2 -->
