<?xml version="1.0" encoding="UTF-8"?>
<!-- Generated by org.testng.reporters.JUnitReportReporter -->
<testsuite hostname="DESKTOP-HDVSK5T" failures="0" tests="1" name="Runnerpom.Runnerf2" time="4.703" errors="0" timestamp="2023-10-10T10:53:01 IST" skipped="0">
  <testcase classname="Runnerpom.Runnerf2" name="flogin" time="4.703"/>
</testsuite> <!-- Runnerpom.Runnerf2 -->
