<?xml version="1.0" encoding="UTF-8"?>
<!-- Generated by org.testng.reporters.JUnitReportReporter -->
<testsuite hostname="DESKTOP-HDVSK5T" failures="0" tests="2" name="Qspid.Assertverify" time="36.968" errors="0" timestamp="2023-10-05T12:31:26 IST" skipped="0">
  <testcase classname="Qspid.Assertverify" name="test" time="32.666"/>
  <testcase classname="Qspid.Assertverify" name="test1" time="4.302"/>
</testsuite> <!-- Qspid.Assertverify -->
