<?xml version="1.0" encoding="UTF-8"?>
<!-- Generated by org.testng.reporters.JUnitReportReporter -->
<testsuite hostname="DESKTOP-HDVSK5T" failures="0" tests="1" name="Scripts.Property" time="0.012" errors="0" timestamp="2023-10-14T11:22:55 IST" skipped="0">
  <testcase classname="Scripts.Property" name="test" time="0.012"/>
</testsuite> <!-- Scripts.Property -->
