<?xml version="1.0" encoding="UTF-8"?>
<!-- Generated by org.testng.reporters.JUnitReportReporter -->
<testsuite hostname="DESKTOP-HDVSK5T" failures="0" tests="1" name="log4.Reports1" time="0.057" errors="0" timestamp="2023-10-17T09:40:51 IST" skipped="0">
  <testcase classname="log4.Reports1" name="test1" time="0.057"/>
</testsuite> <!-- log4.Reports1 -->
