<?xml version="1.0" encoding="UTF-8"?>
<!-- Generated by org.testng.reporters.JUnitReportReporter -->
<testsuite hostname="DESKTOP-HDVSK5T" failures="0" tests="6" name="Qspid.Multiple" time="0.014" errors="0" timestamp="2023-10-03T12:19:55 IST" skipped="0">
  <testcase classname="Qspid.Multiple" name="test2" time="0.006">
    <system-out>
      <![CDATA[Vishal]]>
    </system-out>
  </testcase> <!-- test2 -->
  <testcase classname="Qspid.Multiple" name="test1" time="0.002">
    <system-out>
      <![CDATA[Prakash]]>
    </system-out>
  </testcase> <!-- test1 -->
  <testcase classname="Qspid.Multiple" name="test1" time="0.002">
    <system-out>
      <![CDATA[Prakash]]>
    </system-out>
  </testcase> <!-- test1 -->
  <testcase classname="Qspid.Multiple" name="test1" time="0.001">
    <system-out>
      <![CDATA[Prakash]]>
    </system-out>
  </testcase> <!-- test1 -->
  <testcase classname="Qspid.Multiple" name="test1" time="0.001">
    <system-out>
      <![CDATA[Prakash]]>
    </system-out>
  </testcase> <!-- test1 -->
  <testcase classname="Qspid.Multiple" name="test1" time="0.002">
    <system-out>
      <![CDATA[Prakash]]>
    </system-out>
  </testcase> <!-- test1 -->
  <system-out>
    <![CDATA[Vishal
Prakash
Prakash
Prakash
Prakash
Prakash]]>
  </system-out>
</testsuite> <!-- Qspid.Multiple -->
