<?xml version="1.0" encoding="UTF-8"?>
<!-- Generated by org.testng.reporters.JUnitReportReporter -->
<testsuite hostname="DESKTOP-HDVSK5T" failures="0" tests="1" name="Qspid.Vishal" time="9.939" errors="0" timestamp="2023-09-30T16:06:19 IST" skipped="0">
  <testcase classname="Qspid.Vishal" name="disp" time="9.939">
    <system-out>
      <![CDATA[hiiii]]>
    </system-out>
  </testcase> <!-- disp -->
  <system-out>
    <![CDATA[mizicc
hiiii]]>
  </system-out>
</testsuite> <!-- Qspid.Vishal -->
